c:\users\sebah\desktop\gıthub\my_1_repo\prj_1\prj_1\debug\vc142.pdb
c:\users\sebah\desktop\gıthub\my_1_repo\prj_1\prj_1\debug\vc142.ıdb
c:\users\sebah\desktop\gıthub\my_1_repo\prj_1\prj_1\debug\maın.obj
c:\users\sebah\desktop\gıthub\my_1_repo\prj_1\prj_1\debug\ılkfıle.obj
c:\users\sebah\desktop\gıthub\my_1_repo\prj_1\prj_1\debug\prj_1.ılk
c:\users\sebah\desktop\gıthub\my_1_repo\prj_1\debug\prj_1.exe
c:\users\sebah\desktop\gıthub\my_1_repo\prj_1\debug\prj_1.pdb
c:\users\sebah\desktop\github\my_1_repo\prj_1\prj_1\debug\ilkfile.obj
c:\users\sebah\desktop\github\my_1_repo\prj_1\prj_1\debug\main.obj
c:\users\sebah\desktop\github\my_1_repo\prj_1\prj_1\debug\prj_1.ilk
c:\users\sebah\desktop\github\my_1_repo\prj_1\prj_1\debug\vc142.idb
c:\users\sebah\desktop\github\my_1_repo\prj_1\prj_1\debug\vc142.pdb
c:\users\sebah\desktop\github\my_1_repo\prj_1\debug\prj_1.pdb
c:\users\sebah\desktop\github\my_1_repo\prj_1\debug\prj_1.exe
c:\users\sebah\desktop\github\my_1_repo\prj_1\prj_1\debug\prj_1.tlog\cl.command.1.tlog
c:\users\sebah\desktop\github\my_1_repo\prj_1\prj_1\debug\prj_1.tlog\cl.read.1.tlog
c:\users\sebah\desktop\github\my_1_repo\prj_1\prj_1\debug\prj_1.tlog\cl.write.1.tlog
c:\users\sebah\desktop\github\my_1_repo\prj_1\prj_1\debug\prj_1.tlog\link.command.1.tlog
c:\users\sebah\desktop\github\my_1_repo\prj_1\prj_1\debug\prj_1.tlog\link.read.1.tlog
c:\users\sebah\desktop\github\my_1_repo\prj_1\prj_1\debug\prj_1.tlog\link.write.1.tlog
